# JRE version: OpenJDK Runtime Environment Temurin-21.0.6+7 (21.0.6+7) (build 21.0.6+7-LTS)
# Java VM: OpenJDK 64-Bit Server VM Temurin-21.0.6+7 (21.0.6+7-LTS, mixed mode, sharing, tiered, compressed oops, compressed class ptrs, parallel gc, windows-amd64)
GC Precious Log:
 CardTable entry size: 512
 CPUs: 4 total, 4 available
 Memory: 16078M
 Large Page Support: Disabled
 NUMA Support: Disabled
 Compressed Oops: Enabled (32-bit)
 Alignments: Space 512K, Generation 512K, Heap 2M
 Heap Min Capacity: 100M
 Heap Initial Capacity: 100M
 Heap Max Capacity: 1G
 Pre-touch: Disabled
 Parallel Workers: 4
Heap:
 PSYoungGen      total 5632K, used 1826K [0x00000000eab00000, 0x00000000eb300000, 0x0000000100000000)
  eden space 4096K, 40% used [0x00000000eab00000,0x00000000eaca0838,0x00000000eaf00000)
  from space 1536K, 10% used [0x00000000eb000000,0x00000000eb028000,0x00000000eb180000)
  to   space 512K, 0% used [0x00000000eb280000,0x00000000eb280000,0x00000000eb300000)
 ParOldGen       total 465408K, used 464950K [0x00000000c0000000, 0x00000000dc680000, 0x00000000eab00000)
  object space 465408K, 99% used [0x00000000c0000000,0x00000000dc60d960,0x00000000dc680000)
 Metaspace       used 76057K, committed 77696K, reserved 1179648K
  class space    used 7627K, committed 8384K, reserved 1048576K
GC Heap History (20 events):
Event: 52.070 GC heap before
{Heap before GC invocations=1773 (full 4):
 PSYoungGen      total 6144K, used 6001K [0x00000000eab00000, 0x00000000eb600000, 0x0000000100000000)
  eden space 4096K, 100% used [0x00000000eab00000,0x00000000eaf00000,0x00000000eaf00000)
  from space 2048K, 93% used [0x00000000eb400000,0x00000000eb5dc710,0x00000000eb600000)
  to   space 3072K, 0% used [0x00000000eb000000,0x00000000eb000000,0x00000000eb300000)
 ParOldGen       total 459264K, used 458778K [0x00000000c0000000, 0x00000000dc080000, 0x00000000eab00000)
  object space 459264K, 99% used [0x00000000c0000000,0x00000000dc006bf0,0x00000000dc080000)
 Metaspace       used 74746K, committed 76352K, reserved 1179648K
  class space    used 7531K, committed 8256K, reserved 1048576K
}
Event: 52.076 GC heap after
{Heap after GC invocations=1773 (full 4):
 PSYoungGen      total 7168K, used 615K [0x00000000eab00000, 0x00000000eb480000, 0x0000000100000000)
  eden space 4096K, 0% used [0x00000000eab00000,0x00000000eab00000,0x00000000eaf00000)
  from space 3072K, 20% used [0x00000000eb000000,0x00000000eb099f70,0x00000000eb300000)
  to   space 1536K, 0% used [0x00000000eb300000,0x00000000eb300000,0x00000000eb480000)
 ParOldGen       total 460800K, used 460622K [0x00000000c0000000, 0x00000000dc200000, 0x00000000eab00000)
  object space 460800K, 99% used [0x00000000c0000000,0x00000000dc1d3a10,0x00000000dc200000)
 Metaspace       used 74746K, committed 76352K, reserved 1179648K
  class space    used 7531K, committed 8256K, reserved 1048576K
}
Event: 52.153 GC heap before
{Heap before GC invocations=1774 (full 4):
 PSYoungGen      total 7168K, used 4552K [0x00000000eab00000, 0x00000000eb480000, 0x0000000100000000)
  eden space 4096K, 96% used [0x00000000eab00000,0x00000000eaed8420,0x00000000eaf00000)
  from space 3072K, 20% used [0x00000000eb000000,0x00000000eb099f70,0x00000000eb300000)
  to   space 1536K, 0% used [0x00000000eb300000,0x00000000eb300000,0x00000000eb480000)
 ParOldGen       total 460800K, used 460622K [0x00000000c0000000, 0x00000000dc200000, 0x00000000eab00000)
  object space 460800K, 99% used [0x00000000c0000000,0x00000000dc1d3a10,0x00000000dc200000)
 Metaspace       used 74968K, committed 76608K, reserved 1179648K
  class space    used 7555K, committed 8320K, reserved 1048576K
}
Event: 52.157 GC heap after
{Heap after GC invocations=1774 (full 4):
 PSYoungGen      total 5120K, used 643K [0x00000000eab00000, 0x00000000eb400000, 0x0000000100000000)
  eden space 4096K, 0% used [0x00000000eab00000,0x00000000eab00000,0x00000000eaf00000)
  from space 1024K, 62% used [0x00000000eb300000,0x00000000eb3a0c28,0x00000000eb400000)
  to   space 1024K, 0% used [0x00000000eb200000,0x00000000eb200000,0x00000000eb300000)
 ParOldGen       total 461312K, used 461075K [0x00000000c0000000, 0x00000000dc280000, 0x00000000eab00000)
  object space 461312K, 99% used [0x00000000c0000000,0x00000000dc244dd0,0x00000000dc280000)
 Metaspace       used 74968K, committed 76608K, reserved 1179648K
  class space    used 7555K, committed 8320K, reserved 1048576K
}
Event: 52.231 GC heap before
{Heap before GC invocations=1775 (full 4):
 PSYoungGen      total 5120K, used 4735K [0x00000000eab00000, 0x00000000eb400000, 0x0000000100000000)
  eden space 4096K, 99% used [0x00000000eab00000,0x00000000eaeff118,0x00000000eaf00000)
  from space 1024K, 62% used [0x00000000eb300000,0x00000000eb3a0c28,0x00000000eb400000)
  to   space 1024K, 0% used [0x00000000eb200000,0x00000000eb200000,0x00000000eb300000)
 ParOldGen       total 461312K, used 461075K [0x00000000c0000000, 0x00000000dc280000, 0x00000000eab00000)
  object space 461312K, 99% used [0x00000000c0000000,0x00000000dc244dd0,0x00000000dc280000)
 Metaspace       used 75107K, committed 76736K, reserved 1179648K
  class space    used 7564K, committed 8320K, reserved 1048576K
}
Event: 52.233 GC heap after
{Heap after GC invocations=1775 (full 4):
 PSYoungGen      total 5120K, used 258K [0x00000000eab00000, 0x00000000eb380000, 0x0000000100000000)
  eden space 4096K, 0% used [0x00000000eab00000,0x00000000eab00000,0x00000000eaf00000)
  from space 1024K, 25% used [0x00000000eb200000,0x00000000eb240928,0x00000000eb300000)
  to   space 512K, 0% used [0x00000000eb300000,0x00000000eb300000,0x00000000eb380000)
 ParOldGen       total 461824K, used 461618K [0x00000000c0000000, 0x00000000dc300000, 0x00000000eab00000)
  object space 461824K, 99% used [0x00000000c0000000,0x00000000dc2ccb68,0x00000000dc300000)
 Metaspace       used 75107K, committed 76736K, reserved 1179648K
  class space    used 7564K, committed 8320K, reserved 1048576K
}
Event: 52.324 GC heap before
{Heap before GC invocations=1776 (full 4):
 PSYoungGen      total 5120K, used 4354K [0x00000000eab00000, 0x00000000eb380000, 0x0000000100000000)
  eden space 4096K, 100% used [0x00000000eab00000,0x00000000eaf00000,0x00000000eaf00000)
  from space 1024K, 25% used [0x00000000eb200000,0x00000000eb240928,0x00000000eb300000)
  to   space 512K, 0% used [0x00000000eb300000,0x00000000eb300000,0x00000000eb380000)
 ParOldGen       total 461824K, used 461618K [0x00000000c0000000, 0x00000000dc300000, 0x00000000eab00000)
  object space 461824K, 99% used [0x00000000c0000000,0x00000000dc2ccb68,0x00000000dc300000)
 Metaspace       used 75197K, committed 76800K, reserved 1179648K
  class space    used 7573K, committed 8320K, reserved 1048576K
}
Event: 52.325 GC heap after
{Heap after GC invocations=1776 (full 4):
 PSYoungGen      total 4608K, used 273K [0x00000000eab00000, 0x00000000eb380000, 0x0000000100000000)
  eden space 4096K, 0% used [0x00000000eab00000,0x00000000eab00000,0x00000000eaf00000)
  from space 512K, 53% used [0x00000000eb300000,0x00000000eb344770,0x00000000eb380000)
  to   space 512K, 0% used [0x00000000eb280000,0x00000000eb280000,0x00000000eb300000)
 ParOldGen       total 461824K, used 461666K [0x00000000c0000000, 0x00000000dc300000, 0x00000000eab00000)
  object space 461824K, 99% used [0x00000000c0000000,0x00000000dc2d8b68,0x00000000dc300000)
 Metaspace       used 75197K, committed 76800K, reserved 1179648K
  class space    used 7573K, committed 8320K, reserved 1048576K
}
Event: 52.429 GC heap before
{Heap before GC invocations=1777 (full 4):
 PSYoungGen      total 4608K, used 4369K [0x00000000eab00000, 0x00000000eb380000, 0x0000000100000000)
  eden space 4096K, 100% used [0x00000000eab00000,0x00000000eaf00000,0x00000000eaf00000)
  from space 512K, 53% used [0x00000000eb300000,0x00000000eb344770,0x00000000eb380000)
  to   space 512K, 0% used [0x00000000eb280000,0x00000000eb280000,0x00000000eb300000)
 ParOldGen       total 461824K, used 461666K [0x00000000c0000000, 0x00000000dc300000, 0x00000000eab00000)
  object space 461824K, 99% used [0x00000000c0000000,0x00000000dc2d8b68,0x00000000dc300000)
 Metaspace       used 75335K, committed 76928K, reserved 1179648K
  class space    used 7583K, committed 8320K, reserved 1048576K
}
Event: 52.431 GC heap after
{Heap after GC invocations=1777 (full 4):
 PSYoungGen      total 4608K, used 496K [0x00000000eab00000, 0x00000000eb380000, 0x0000000100000000)
  eden space 4096K, 0% used [0x00000000eab00000,0x00000000eab00000,0x00000000eaf00000)
  from space 512K, 96% used [0x00000000eb280000,0x00000000eb2fc010,0x00000000eb300000)
  to   space 512K, 0% used [0x00000000eb300000,0x00000000eb300000,0x00000000eb380000)
 ParOldGen       total 462336K, used 462079K [0x00000000c0000000, 0x00000000dc380000, 0x00000000eab00000)
  object space 462336K, 99% used [0x00000000c0000000,0x00000000dc33fec8,0x00000000dc380000)
 Metaspace       used 75335K, committed 76928K, reserved 1179648K
  class space    used 7583K, committed 8320K, reserved 1048576K
}
Event: 52.475 GC heap before
{Heap before GC invocations=1778 (full 4):
 PSYoungGen      total 4608K, used 4592K [0x00000000eab00000, 0x00000000eb380000, 0x0000000100000000)
  eden space 4096K, 100% used [0x00000000eab00000,0x00000000eaf00000,0x00000000eaf00000)
  from space 512K, 96% used [0x00000000eb280000,0x00000000eb2fc010,0x00000000eb300000)
  to   space 512K, 0% used [0x00000000eb300000,0x00000000eb300000,0x00000000eb380000)
 ParOldGen       total 462336K, used 462079K [0x00000000c0000000, 0x00000000dc380000, 0x00000000eab00000)
  object space 462336K, 99% used [0x00000000c0000000,0x00000000dc33fec8,0x00000000dc380000)
 Metaspace       used 75337K, committed 76928K, reserved 1179648K
  class space    used 7583K, committed 8320K, reserved 1048576K
}
Event: 52.478 GC heap after
{Heap after GC invocations=1778 (full 4):
 PSYoungGen      total 4608K, used 378K [0x00000000eab00000, 0x00000000eb380000, 0x0000000100000000)
  eden space 4096K, 0% used [0x00000000eab00000,0x00000000eab00000,0x00000000eaf00000)
  from space 512K, 73% used [0x00000000eb300000,0x00000000eb35e900,0x00000000eb380000)
  to   space 1024K, 0% used [0x00000000eb180000,0x00000000eb180000,0x00000000eb280000)
 ParOldGen       total 462848K, used 462475K [0x00000000c0000000, 0x00000000dc400000, 0x00000000eab00000)
  object space 462848K, 99% used [0x00000000c0000000,0x00000000dc3a2ed8,0x00000000dc400000)
 Metaspace       used 75337K, committed 76928K, reserved 1179648K
  class space    used 7583K, committed 8320K, reserved 1048576K
}
Event: 52.502 GC heap before
{Heap before GC invocations=1779 (full 4):
 PSYoungGen      total 4608K, used 4344K [0x00000000eab00000, 0x00000000eb380000, 0x0000000100000000)
  eden space 4096K, 96% used [0x00000000eab00000,0x00000000eaedf730,0x00000000eaf00000)
  from space 512K, 73% used [0x00000000eb300000,0x00000000eb35e900,0x00000000eb380000)
  to   space 1024K, 0% used [0x00000000eb180000,0x00000000eb180000,0x00000000eb280000)
 ParOldGen       total 462848K, used 462475K [0x00000000c0000000, 0x00000000dc400000, 0x00000000eab00000)
  object space 462848K, 99% used [0x00000000c0000000,0x00000000dc3a2ed8,0x00000000dc400000)
 Metaspace       used 75337K, committed 76928K, reserved 1179648K
  class space    used 7583K, committed 8320K, reserved 1048576K
}
Event: 52.505 GC heap after
{Heap after GC invocations=1779 (full 4):
 PSYoungGen      total 5120K, used 1023K [0x00000000eab00000, 0x00000000eb380000, 0x0000000100000000)
  eden space 4096K, 0% used [0x00000000eab00000,0x00000000eab00000,0x00000000eaf00000)
  from space 1024K, 99% used [0x00000000eb180000,0x00000000eb27fc08,0x00000000eb280000)
  to   space 1024K, 0% used [0x00000000eb280000,0x00000000eb280000,0x00000000eb380000)
 ParOldGen       total 463360K, used 462886K [0x00000000c0000000, 0x00000000dc480000, 0x00000000eab00000)
  object space 463360K, 99% used [0x00000000c0000000,0x00000000dc4099b8,0x00000000dc480000)
 Metaspace       used 75337K, committed 76928K, reserved 1179648K
  class space    used 7583K, committed 8320K, reserved 1048576K
}
Event: 52.522 GC heap before
{Heap before GC invocations=1780 (full 4):
 PSYoungGen      total 5120K, used 5119K [0x00000000eab00000, 0x00000000eb380000, 0x0000000100000000)
  eden space 4096K, 100% used [0x00000000eab00000,0x00000000eaf00000,0x00000000eaf00000)
  from space 1024K, 99% used [0x00000000eb180000,0x00000000eb27fc08,0x00000000eb280000)
  to   space 1024K, 0% used [0x00000000eb280000,0x00000000eb280000,0x00000000eb380000)
 ParOldGen       total 463360K, used 462886K [0x00000000c0000000, 0x00000000dc480000, 0x00000000eab00000)
  object space 463360K, 99% used [0x00000000c0000000,0x00000000dc4099b8,0x00000000dc480000)
 Metaspace       used 75339K, committed 76928K, reserved 1179648K
  class space    used 7583K, committed 8320K, reserved 1048576K
}
Event: 52.525 GC heap after
{Heap after GC invocations=1780 (full 4):
 PSYoungGen      total 5120K, used 517K [0x00000000eab00000, 0x00000000eb380000, 0x0000000100000000)
  eden space 4096K, 0% used [0x00000000eab00000,0x00000000eab00000,0x00000000eaf00000)
  from space 1024K, 50% used [0x00000000eb280000,0x00000000eb301428,0x00000000eb380000)
  to   space 1024K, 0% used [0x00000000eb180000,0x00000000eb180000,0x00000000eb280000)
 ParOldGen       total 464384K, used 463680K [0x00000000c0000000, 0x00000000dc580000, 0x00000000eab00000)
  object space 464384K, 99% used [0x00000000c0000000,0x00000000dc4d01b0,0x00000000dc580000)
 Metaspace       used 75339K, committed 76928K, reserved 1179648K
  class space    used 7583K, committed 8320K, reserved 1048576K
}
Event: 52.552 GC heap before
{Heap before GC invocations=1781 (full 4):
 PSYoungGen      total 5120K, used 4613K [0x00000000eab00000, 0x00000000eb380000, 0x0000000100000000)
  eden space 4096K, 100% used [0x00000000eab00000,0x00000000eaf00000,0x00000000eaf00000)
  from space 1024K, 50% used [0x00000000eb280000,0x00000000eb301428,0x00000000eb380000)
  to   space 1024K, 0% used [0x00000000eb180000,0x00000000eb180000,0x00000000eb280000)
 ParOldGen       total 464384K, used 463680K [0x00000000c0000000, 0x00000000dc580000, 0x00000000eab00000)
  object space 464384K, 99% used [0x00000000c0000000,0x00000000dc4d01b0,0x00000000dc580000)
 Metaspace       used 75357K, committed 76928K, reserved 1179648K
  class space    used 7583K, committed 8320K, reserved 1048576K
}
Event: 52.555 GC heap after
{Heap after GC invocations=1781 (full 4):
 PSYoungGen      total 5120K, used 352K [0x00000000eab00000, 0x00000000eb300000, 0x0000000100000000)
  eden space 4096K, 0% used [0x00000000eab00000,0x00000000eab00000,0x00000000eaf00000)
  from space 1024K, 34% used [0x00000000eb180000,0x00000000eb1d8000,0x00000000eb280000)
  to   space 512K, 0% used [0x00000000eb280000,0x00000000eb280000,0x00000000eb300000)
 ParOldGen       total 464384K, used 464040K [0x00000000c0000000, 0x00000000dc580000, 0x00000000eab00000)
  object space 464384K, 99% used [0x00000000c0000000,0x00000000dc52a1b0,0x00000000dc580000)
 Metaspace       used 75357K, committed 76928K, reserved 1179648K
  class space    used 7583K, committed 8320K, reserved 1048576K
}
Event: 52.720 GC heap before
{Heap before GC invocations=1782 (full 4):
 PSYoungGen      total 5120K, used 4448K [0x00000000eab00000, 0x00000000eb300000, 0x0000000100000000)
  eden space 4096K, 100% used [0x00000000eab00000,0x00000000eaf00000,0x00000000eaf00000)
  from space 1024K, 34% used [0x00000000eb180000,0x00000000eb1d8000,0x00000000eb280000)
  to   space 512K, 0% used [0x00000000eb280000,0x00000000eb280000,0x00000000eb300000)
 ParOldGen       total 464384K, used 464040K [0x00000000c0000000, 0x00000000dc580000, 0x00000000eab00000)
  object space 464384K, 99% used [0x00000000c0000000,0x00000000dc52a1b0,0x00000000dc580000)
 Metaspace       used 75508K, committed 77120K, reserved 1179648K
  class space    used 7583K, committed 8320K, reserved 1048576K
}
Event: 52.723 GC heap after
{Heap after GC invocations=1782 (full 4):
 PSYoungGen      total 4608K, used 480K [0x00000000eab00000, 0x00000000eb300000, 0x0000000100000000)
  eden space 4096K, 0% used [0x00000000eab00000,0x00000000eab00000,0x00000000eaf00000)
  from space 512K, 93% used [0x00000000eb280000,0x00000000eb2f8020,0x00000000eb300000)
  to   space 1536K, 0% used [0x00000000eb000000,0x00000000eb000000,0x00000000eb180000)
 ParOldGen       total 464896K, used 464496K [0x00000000c0000000, 0x00000000dc600000, 0x00000000eab00000)
  object space 464896K, 99% used [0x00000000c0000000,0x00000000dc59c1c0,0x00000000dc600000)
 Metaspace       used 75508K, committed 77120K, reserved 1179648K
  class space    used 7583K, committed 8320K, reserved 1048576K
}

