# JRE version: OpenJDK Runtime Environment Temurin-21.0.6+7 (21.0.6+7) (build 21.0.6+7-LTS)
# Java VM: OpenJDK 64-Bit Server VM Temurin-21.0.6+7 (21.0.6+7-LTS, mixed mode, sharing, tiered, compressed oops, compressed class ptrs, parallel gc, windows-amd64)
GC Precious Log:
 CardTable entry size: 512
 CPUs: 4 total, 4 available
 Memory: 16078M
 Large Page Support: Disabled
 NUMA Support: Disabled
 Compressed Oops: Enabled (32-bit)
 Alignments: Space 512K, Generation 512K, Heap 2M
 Heap Min Capacity: 100M
 Heap Initial Capacity: 100M
 Heap Max Capacity: 1G
 Pre-touch: Disabled
 Parallel Workers: 4
Heap:
 PSYoungGen      total 5120K, used 2394K [0x00000000eab00000, 0x00000000eb100000, 0x0000000100000000)
  eden space 4608K, 42% used [0x00000000eab00000,0x00000000eaceebd0,0x00000000eaf80000)
  from space 512K, 81% used [0x00000000eb000000,0x00000000eb068000,0x00000000eb080000)
  to   space 512K, 0% used [0x00000000eb080000,0x00000000eb080000,0x00000000eb100000)
 ParOldGen       total 171008K, used 168036K [0x00000000c0000000, 0x00000000ca700000, 0x00000000eab00000)
  object space 171008K, 98% used [0x00000000c0000000,0x00000000ca419388,0x00000000ca700000)
 Metaspace       used 92669K, committed 94592K, reserved 1179648K
  class space    used 8978K, committed 9856K, reserved 1048576K
GC Heap History (20 events):
Event: 598570.537 GC heap before
{Heap before GC invocations=3840 (full 9):
 PSYoungGen      total 5632K, used 5012K [0x00000000eab00000, 0x00000000eb180000, 0x0000000100000000)
  eden space 4608K, 100% used [0x00000000eab00000,0x00000000eaf80000,0x00000000eaf80000)
  from space 1024K, 39% used [0x00000000eb000000,0x00000000eb065220,0x00000000eb100000)
  to   space 512K, 0% used [0x00000000eb100000,0x00000000eb100000,0x00000000eb180000)
 ParOldGen       total 171008K, used 163587K [0x00000000c0000000, 0x00000000ca700000, 0x00000000eab00000)
  object space 171008K, 95% used [0x00000000c0000000,0x00000000c9fc0dd8,0x00000000ca700000)
 Metaspace       used 92664K, committed 94592K, reserved 1179648K
  class space    used 8978K, committed 9856K, reserved 1048576K
}
Event: 598570.539 GC heap after
{Heap after GC invocations=3840 (full 9):
 PSYoungGen      total 5120K, used 512K [0x00000000eab00000, 0x00000000eb180000, 0x0000000100000000)
  eden space 4608K, 0% used [0x00000000eab00000,0x00000000eab00000,0x00000000eaf80000)
  from space 512K, 100% used [0x00000000eb100000,0x00000000eb180000,0x00000000eb180000)
  to   space 1024K, 0% used [0x00000000eaf80000,0x00000000eaf80000,0x00000000eb080000)
 ParOldGen       total 171008K, used 163968K [0x00000000c0000000, 0x00000000ca700000, 0x00000000eab00000)
  object space 171008K, 95% used [0x00000000c0000000,0x00000000ca020028,0x00000000ca700000)
 Metaspace       used 92664K, committed 94592K, reserved 1179648K
  class space    used 8978K, committed 9856K, reserved 1048576K
}
Event: 598570.545 GC heap before
{Heap before GC invocations=3841 (full 9):
 PSYoungGen      total 5120K, used 5120K [0x00000000eab00000, 0x00000000eb180000, 0x0000000100000000)
  eden space 4608K, 100% used [0x00000000eab00000,0x00000000eaf80000,0x00000000eaf80000)
  from space 512K, 100% used [0x00000000eb100000,0x00000000eb180000,0x00000000eb180000)
  to   space 1024K, 0% used [0x00000000eaf80000,0x00000000eaf80000,0x00000000eb080000)
 ParOldGen       total 171008K, used 163968K [0x00000000c0000000, 0x00000000ca700000, 0x00000000eab00000)
  object space 171008K, 95% used [0x00000000c0000000,0x00000000ca020028,0x00000000ca700000)
 Metaspace       used 92664K, committed 94592K, reserved 1179648K
  class space    used 8978K, committed 9856K, reserved 1048576K
}
Event: 598570.546 GC heap after
{Heap after GC invocations=3841 (full 9):
 PSYoungGen      total 5632K, used 352K [0x00000000eab00000, 0x00000000eb180000, 0x0000000100000000)
  eden space 4608K, 0% used [0x00000000eab00000,0x00000000eab00000,0x00000000eaf80000)
  from space 1024K, 34% used [0x00000000eaf80000,0x00000000eafd8000,0x00000000eb080000)
  to   space 1024K, 0% used [0x00000000eb080000,0x00000000eb080000,0x00000000eb180000)
 ParOldGen       total 171008K, used 164462K [0x00000000c0000000, 0x00000000ca700000, 0x00000000eab00000)
  object space 171008K, 96% used [0x00000000c0000000,0x00000000ca09b838,0x00000000ca700000)
 Metaspace       used 92664K, committed 94592K, reserved 1179648K
  class space    used 8978K, committed 9856K, reserved 1048576K
}
Event: 728682.267 GC heap before
{Heap before GC invocations=3842 (full 9):
 PSYoungGen      total 5632K, used 4960K [0x00000000eab00000, 0x00000000eb180000, 0x0000000100000000)
  eden space 4608K, 100% used [0x00000000eab00000,0x00000000eaf80000,0x00000000eaf80000)
  from space 1024K, 34% used [0x00000000eaf80000,0x00000000eafd8000,0x00000000eb080000)
  to   space 1024K, 0% used [0x00000000eb080000,0x00000000eb080000,0x00000000eb180000)
 ParOldGen       total 171008K, used 164462K [0x00000000c0000000, 0x00000000ca700000, 0x00000000eab00000)
  object space 171008K, 96% used [0x00000000c0000000,0x00000000ca09b838,0x00000000ca700000)
 Metaspace       used 92665K, committed 94592K, reserved 1179648K
  class space    used 8978K, committed 9856K, reserved 1048576K
}
Event: 728682.269 GC heap after
{Heap after GC invocations=3842 (full 9):
 PSYoungGen      total 5632K, used 628K [0x00000000eab00000, 0x00000000eb180000, 0x0000000100000000)
  eden space 4608K, 0% used [0x00000000eab00000,0x00000000eab00000,0x00000000eaf80000)
  from space 1024K, 61% used [0x00000000eb080000,0x00000000eb11d220,0x00000000eb180000)
  to   space 1024K, 0% used [0x00000000eaf80000,0x00000000eaf80000,0x00000000eb080000)
 ParOldGen       total 171008K, used 164766K [0x00000000c0000000, 0x00000000ca700000, 0x00000000eab00000)
  object space 171008K, 96% used [0x00000000c0000000,0x00000000ca0e7858,0x00000000ca700000)
 Metaspace       used 92665K, committed 94592K, reserved 1179648K
  class space    used 8978K, committed 9856K, reserved 1048576K
}
Event: 728682.276 GC heap before
{Heap before GC invocations=3843 (full 9):
 PSYoungGen      total 5632K, used 5236K [0x00000000eab00000, 0x00000000eb180000, 0x0000000100000000)
  eden space 4608K, 100% used [0x00000000eab00000,0x00000000eaf80000,0x00000000eaf80000)
  from space 1024K, 61% used [0x00000000eb080000,0x00000000eb11d220,0x00000000eb180000)
  to   space 1024K, 0% used [0x00000000eaf80000,0x00000000eaf80000,0x00000000eb080000)
 ParOldGen       total 171008K, used 164766K [0x00000000c0000000, 0x00000000ca700000, 0x00000000eab00000)
  object space 171008K, 96% used [0x00000000c0000000,0x00000000ca0e7858,0x00000000ca700000)
 Metaspace       used 92665K, committed 94592K, reserved 1179648K
  class space    used 8978K, committed 9856K, reserved 1048576K
}
Event: 728682.277 GC heap after
{Heap after GC invocations=3843 (full 9):
 PSYoungGen      total 5632K, used 496K [0x00000000eab00000, 0x00000000eb180000, 0x0000000100000000)
  eden space 4608K, 0% used [0x00000000eab00000,0x00000000eab00000,0x00000000eaf80000)
  from space 1024K, 48% used [0x00000000eaf80000,0x00000000eaffc010,0x00000000eb080000)
  to   space 1024K, 0% used [0x00000000eb080000,0x00000000eb080000,0x00000000eb180000)
 ParOldGen       total 171008K, used 165338K [0x00000000c0000000, 0x00000000ca700000, 0x00000000eab00000)
  object space 171008K, 96% used [0x00000000c0000000,0x00000000ca176998,0x00000000ca700000)
 Metaspace       used 92665K, committed 94592K, reserved 1179648K
  class space    used 8978K, committed 9856K, reserved 1048576K
}
Event: 728682.286 GC heap before
{Heap before GC invocations=3844 (full 9):
 PSYoungGen      total 5632K, used 5104K [0x00000000eab00000, 0x00000000eb180000, 0x0000000100000000)
  eden space 4608K, 100% used [0x00000000eab00000,0x00000000eaf80000,0x00000000eaf80000)
  from space 1024K, 48% used [0x00000000eaf80000,0x00000000eaffc010,0x00000000eb080000)
  to   space 1024K, 0% used [0x00000000eb080000,0x00000000eb080000,0x00000000eb180000)
 ParOldGen       total 171008K, used 165338K [0x00000000c0000000, 0x00000000ca700000, 0x00000000eab00000)
  object space 171008K, 96% used [0x00000000c0000000,0x00000000ca176998,0x00000000ca700000)
 Metaspace       used 92665K, committed 94592K, reserved 1179648K
  class space    used 8978K, committed 9856K, reserved 1048576K
}
Event: 728682.287 GC heap after
{Heap after GC invocations=3844 (full 9):
 PSYoungGen      total 5120K, used 448K [0x00000000eab00000, 0x00000000eb100000, 0x0000000100000000)
  eden space 4608K, 0% used [0x00000000eab00000,0x00000000eab00000,0x00000000eaf80000)
  from space 512K, 87% used [0x00000000eb080000,0x00000000eb0f0000,0x00000000eb100000)
  to   space 512K, 0% used [0x00000000eb000000,0x00000000eb000000,0x00000000eb080000)
 ParOldGen       total 171008K, used 165770K [0x00000000c0000000, 0x00000000ca700000, 0x00000000eab00000)
  object space 171008K, 96% used [0x00000000c0000000,0x00000000ca1e29c8,0x00000000ca700000)
 Metaspace       used 92665K, committed 94592K, reserved 1179648K
  class space    used 8978K, committed 9856K, reserved 1048576K
}
Event: 728682.306 GC heap before
{Heap before GC invocations=3845 (full 9):
 PSYoungGen      total 5120K, used 5056K [0x00000000eab00000, 0x00000000eb100000, 0x0000000100000000)
  eden space 4608K, 100% used [0x00000000eab00000,0x00000000eaf80000,0x00000000eaf80000)
  from space 512K, 87% used [0x00000000eb080000,0x00000000eb0f0000,0x00000000eb100000)
  to   space 512K, 0% used [0x00000000eb000000,0x00000000eb000000,0x00000000eb080000)
 ParOldGen       total 171008K, used 165770K [0x00000000c0000000, 0x00000000ca700000, 0x00000000eab00000)
  object space 171008K, 96% used [0x00000000c0000000,0x00000000ca1e29c8,0x00000000ca700000)
 Metaspace       used 92666K, committed 94592K, reserved 1179648K
  class space    used 8978K, committed 9856K, reserved 1048576K
}
Event: 728682.308 GC heap after
{Heap after GC invocations=3845 (full 9):
 PSYoungGen      total 5120K, used 496K [0x00000000eab00000, 0x00000000eb280000, 0x0000000100000000)
  eden space 4608K, 0% used [0x00000000eab00000,0x00000000eab00000,0x00000000eaf80000)
  from space 512K, 96% used [0x00000000eb000000,0x00000000eb07c010,0x00000000eb080000)
  to   space 1536K, 0% used [0x00000000eb100000,0x00000000eb100000,0x00000000eb280000)
 ParOldGen       total 171008K, used 166264K [0x00000000c0000000, 0x00000000ca700000, 0x00000000eab00000)
  object space 171008K, 97% used [0x00000000c0000000,0x00000000ca25e1e8,0x00000000ca700000)
 Metaspace       used 92666K, committed 94592K, reserved 1179648K
  class space    used 8978K, committed 9856K, reserved 1048576K
}
Event: 729582.887 GC heap before
{Heap before GC invocations=3846 (full 9):
 PSYoungGen      total 5120K, used 5104K [0x00000000eab00000, 0x00000000eb280000, 0x0000000100000000)
  eden space 4608K, 100% used [0x00000000eab00000,0x00000000eaf80000,0x00000000eaf80000)
  from space 512K, 96% used [0x00000000eb000000,0x00000000eb07c010,0x00000000eb080000)
  to   space 1536K, 0% used [0x00000000eb100000,0x00000000eb100000,0x00000000eb280000)
 ParOldGen       total 171008K, used 166264K [0x00000000c0000000, 0x00000000ca700000, 0x00000000eab00000)
  object space 171008K, 97% used [0x00000000c0000000,0x00000000ca25e1e8,0x00000000ca700000)
 Metaspace       used 92667K, committed 94592K, reserved 1179648K
  class space    used 8978K, committed 9856K, reserved 1048576K
}
Event: 729582.889 GC heap after
{Heap after GC invocations=3846 (full 9):
 PSYoungGen      total 5120K, used 372K [0x00000000eab00000, 0x00000000eb180000, 0x0000000100000000)
  eden space 4608K, 0% used [0x00000000eab00000,0x00000000eab00000,0x00000000eaf80000)
  from space 512K, 72% used [0x00000000eb100000,0x00000000eb15d220,0x00000000eb180000)
  to   space 1024K, 0% used [0x00000000eaf80000,0x00000000eaf80000,0x00000000eb080000)
 ParOldGen       total 171008K, used 166764K [0x00000000c0000000, 0x00000000ca700000, 0x00000000eab00000)
  object space 171008K, 97% used [0x00000000c0000000,0x00000000ca2db108,0x00000000ca700000)
 Metaspace       used 92667K, committed 94592K, reserved 1179648K
  class space    used 8978K, committed 9856K, reserved 1048576K
}
Event: 729582.904 GC heap before
{Heap before GC invocations=3847 (full 9):
 PSYoungGen      total 5120K, used 4980K [0x00000000eab00000, 0x00000000eb180000, 0x0000000100000000)
  eden space 4608K, 100% used [0x00000000eab00000,0x00000000eaf80000,0x00000000eaf80000)
  from space 512K, 72% used [0x00000000eb100000,0x00000000eb15d220,0x00000000eb180000)
  to   space 1024K, 0% used [0x00000000eaf80000,0x00000000eaf80000,0x00000000eb080000)
 ParOldGen       total 171008K, used 166764K [0x00000000c0000000, 0x00000000ca700000, 0x00000000eab00000)
  object space 171008K, 97% used [0x00000000c0000000,0x00000000ca2db108,0x00000000ca700000)
 Metaspace       used 92667K, committed 94592K, reserved 1179648K
  class space    used 8978K, committed 9856K, reserved 1048576K
}
Event: 729582.906 GC heap after
{Heap after GC invocations=3847 (full 9):
 PSYoungGen      total 5632K, used 640K [0x00000000eab00000, 0x00000000eb180000, 0x0000000100000000)
  eden space 4608K, 0% used [0x00000000eab00000,0x00000000eab00000,0x00000000eaf80000)
  from space 1024K, 62% used [0x00000000eaf80000,0x00000000eb020000,0x00000000eb080000)
  to   space 1024K, 0% used [0x00000000eb080000,0x00000000eb080000,0x00000000eb180000)
 ParOldGen       total 171008K, used 167084K [0x00000000c0000000, 0x00000000ca700000, 0x00000000eab00000)
  object space 171008K, 97% used [0x00000000c0000000,0x00000000ca32b368,0x00000000ca700000)
 Metaspace       used 92667K, committed 94592K, reserved 1179648K
  class space    used 8978K, committed 9856K, reserved 1048576K
}
Event: 729582.916 GC heap before
{Heap before GC invocations=3848 (full 9):
 PSYoungGen      total 5632K, used 5248K [0x00000000eab00000, 0x00000000eb180000, 0x0000000100000000)
  eden space 4608K, 100% used [0x00000000eab00000,0x00000000eaf80000,0x00000000eaf80000)
  from space 1024K, 62% used [0x00000000eaf80000,0x00000000eb020000,0x00000000eb080000)
  to   space 1024K, 0% used [0x00000000eb080000,0x00000000eb080000,0x00000000eb180000)
 ParOldGen       total 171008K, used 167084K [0x00000000c0000000, 0x00000000ca700000, 0x00000000eab00000)
  object space 171008K, 97% used [0x00000000c0000000,0x00000000ca32b368,0x00000000ca700000)
 Metaspace       used 92667K, committed 94592K, reserved 1179648K
  class space    used 8978K, committed 9856K, reserved 1048576K
}
Event: 729582.926 GC heap after
{Heap after GC invocations=3848 (full 9):
 PSYoungGen      total 5120K, used 432K [0x00000000eab00000, 0x00000000eb100000, 0x0000000100000000)
  eden space 4608K, 0% used [0x00000000eab00000,0x00000000eab00000,0x00000000eaf80000)
  from space 512K, 84% used [0x00000000eb080000,0x00000000eb0ec010,0x00000000eb100000)
  to   space 512K, 0% used [0x00000000eb000000,0x00000000eb000000,0x00000000eb080000)
 ParOldGen       total 171008K, used 167660K [0x00000000c0000000, 0x00000000ca700000, 0x00000000eab00000)
  object space 171008K, 98% used [0x00000000c0000000,0x00000000ca3bb368,0x00000000ca700000)
 Metaspace       used 92667K, committed 94592K, reserved 1179648K
  class space    used 8978K, committed 9856K, reserved 1048576K
}
Event: 793840.963 GC heap before
{Heap before GC invocations=3849 (full 9):
 PSYoungGen      total 5120K, used 5040K [0x00000000eab00000, 0x00000000eb100000, 0x0000000100000000)
  eden space 4608K, 100% used [0x00000000eab00000,0x00000000eaf80000,0x00000000eaf80000)
  from space 512K, 84% used [0x00000000eb080000,0x00000000eb0ec010,0x00000000eb100000)
  to   space 512K, 0% used [0x00000000eb000000,0x00000000eb000000,0x00000000eb080000)
 ParOldGen       total 171008K, used 167660K [0x00000000c0000000, 0x00000000ca700000, 0x00000000eab00000)
  object space 171008K, 98% used [0x00000000c0000000,0x00000000ca3bb368,0x00000000ca700000)
 Metaspace       used 92669K, committed 94592K, reserved 1179648K
  class space    used 8978K, committed 9856K, reserved 1048576K
}
Event: 793841.041 GC heap after
{Heap after GC invocations=3849 (full 9):
 PSYoungGen      total 5120K, used 416K [0x00000000eab00000, 0x00000000eb100000, 0x0000000100000000)
  eden space 4608K, 0% used [0x00000000eab00000,0x00000000eab00000,0x00000000eaf80000)
  from space 512K, 81% used [0x00000000eb000000,0x00000000eb068000,0x00000000eb080000)
  to   space 512K, 0% used [0x00000000eb080000,0x00000000eb080000,0x00000000eb100000)
 ParOldGen       total 171008K, used 168036K [0x00000000c0000000, 0x00000000ca700000, 0x00000000eab00000)
  object space 171008K, 98% used [0x00000000c0000000,0x00000000ca419388,0x00000000ca700000)
 Metaspace       used 92669K, committed 94592K, reserved 1179648K
  class space    used 8978K, committed 9856K, reserved 1048576K
}

